<?xml version="1.0" encoding="UTF-8"?>
<!-- Generated by org.testng.reporters.JUnitReportReporter -->
<testsuite skipped="0" hostname="DESKTOP-QNHJ5Q7" name="restAssuredExample.TC_02_CreateUserTest" tests="1" failures="0" timestamp="2022-11-10T22:17:15 PST" time="3.053" errors="0">
  <testcase name="verifyCreateuserTest" time="3.053" classname="restAssuredExample.TC_02_CreateUserTest"/>
  <system-out/>
</testsuite> <!-- restAssuredExample.TC_02_CreateUserTest -->
