<?xml version="1.0" encoding="UTF-8"?>
<!-- Generated by org.testng.reporters.JUnitReportReporter -->
<testsuite hostname="DESKTOP-QNHJ5Q7" name="controlExample.HandleAlerts" tests="1" failures="0" timestamp="20 Oct 2022 06:42:06 GMT" time="12.253" errors="0">
  <testcase name="confirmAlert" time="12.253" classname="controlExample.HandleAlerts"/>
</testsuite> <!-- controlExample.HandleAlerts -->
