<?xml version="1.0" encoding="UTF-8"?>
<!-- Generated by org.testng.reporters.JUnitReportReporter -->
<testsuite hostname="DESKTOP-QNHJ5Q7" name="controlExample.HandleCheckboxRadioButton" tests="1" failures="0" timestamp="19 Oct 2022 08:08:12 GMT" time="4.152" errors="0">
  <testcase name="handleCheckbox" time="4.152" classname="controlExample.HandleCheckboxRadioButton"/>
</testsuite> <!-- controlExample.HandleCheckboxRadioButton -->
