<?xml version="1.0" encoding="UTF-8"?>
<!-- Generated by org.testng.reporters.JUnitReportReporter -->
<testsuite hostname="DESKTOP-QNHJ5Q7" name="controlExample.HandleDropdown" tests="1" failures="0" timestamp="20 Oct 2022 07:50:25 GMT" time="16.612" errors="0">
  <testcase name="verifyDropdownSingle" time="16.612" classname="controlExample.HandleDropdown"/>
</testsuite> <!-- controlExample.HandleDropdown -->
