<?xml version="1.0" encoding="UTF-8"?>
<!-- Generated by org.testng.reporters.JUnitReportReporter -->
<testsuite skipped="0" hostname="DESKTOP-QNHJ5Q7" name="restAssuredExample.TC_01_ListUser_Recap" tests="4" failures="0" timestamp="2022-11-10T05:34:20 PST" time="0.035" errors="0">
  <testcase name="verifyStatusCode" time="0.001" classname="restAssuredExample.TC_01_ListUser_Recap"/>
  <system-out/>
  <testcase name="verifyHeader_TransferEncoding" time="0.000" classname="restAssuredExample.TC_01_ListUser_Recap"/>
  <system-out/>
  <testcase name="verifyContent" time="0.031" classname="restAssuredExample.TC_01_ListUser_Recap"/>
  <system-out/>
  <testcase name="verifyContentType" time="0.003" classname="restAssuredExample.TC_01_ListUser_Recap"/>
  <system-out/>
</testsuite> <!-- restAssuredExample.TC_01_ListUser_Recap -->
