<?xml version="1.0" encoding="UTF-8"?>
<!-- Generated by org.testng.reporters.JUnitReportReporter -->
<testsuite skipped="0" hostname="DESKTOP-QNHJ5Q7" name="restAssuredExample.TC_01_ListUser_Recap" tests="4" failures="0" timestamp="2022-11-10T05:09:27 PST" time="0.034" errors="0">
  <testcase name="verifyContentType" time="0.010" classname="restAssuredExample.TC_01_ListUser_Recap"/>
  <system-out/>
  <testcase name="verifyStatusCode" time="0.005" classname="restAssuredExample.TC_01_ListUser_Recap"/>
  <system-out/>
  <testcase name="verifyContent" time="0.016" classname="restAssuredExample.TC_01_ListUser_Recap"/>
  <system-out/>
  <testcase name="verifyHeader_TransferEncoding" time="0.003" classname="restAssuredExample.TC_01_ListUser_Recap"/>
  <system-out/>
</testsuite> <!-- restAssuredExample.TC_01_ListUser_Recap -->
