<?xml version="1.0" encoding="UTF-8"?>
<!-- Generated by org.testng.reporters.JUnitReportReporter -->
<testsuite skipped="0" hostname="DESKTOP-QNHJ5Q7" name="restAssuredExample.TC_01_ListUser" tests="1" failures="0" timestamp="2022-11-10T05:10:14 PST" time="3.175" errors="0">
  <testcase name="verifyListUserTest" time="3.175" classname="restAssuredExample.TC_01_ListUser"/>
  <system-out/>
</testsuite> <!-- restAssuredExample.TC_01_ListUser -->
