<?xml version="1.0" encoding="UTF-8"?>
<!-- Generated by org.testng.reporters.JUnitReportReporter -->
<testsuite skipped="0" hostname="DESKTOP-QNHJ5Q7" name="restAssuredExample.TC_02_UpdateUserTest2_PUT" tests="1" failures="0" timestamp="2022-11-10T23:31:01 PST" time="3.100" errors="0">
  <testcase name="verifyCreateuserTest" time="3.100" classname="restAssuredExample.TC_02_UpdateUserTest2_PUT"/>
  <system-out/>
</testsuite> <!-- restAssuredExample.TC_02_UpdateUserTest2_PUT -->
